# JRE version: OpenJDK Runtime Environment (11.0.10) (build 11.0.10+0-b96-7249189)
# Java VM: OpenJDK 64-Bit Server VM (11.0.10+0-b96-7249189, mixed mode, tiered, compressed oops, g1 gc, windows-amd64)
Heap:
 garbage-first heap   total 204800K, used 107713K [0x0000000080000000, 0x0000000100000000)
  region size 1024K, 10 young (10240K), 2 survivors (2048K)
 Metaspace       used 122488K, capacity 126166K, committed 126380K, reserved 1159168K
  class space    used 15162K, capacity 16557K, committed 16640K, reserved 1048576K
GC Heap History (20 events):
Event: 11979.097 GC heap before
{Heap before GC invocations=127 (full 0):
 garbage-first heap   total 200704K, used 188611K [0x0000000080000000, 0x0000000100000000)
  region size 1024K, 58 young (59392K), 4 survivors (4096K)
 Metaspace       used 122143K, capacity 125780K, committed 126124K, reserved 1159168K
  class space    used 15153K, capacity 16540K, committed 16640K, reserved 1048576K
}
Event: 11979.109 GC heap after
{Heap after GC invocations=128 (full 0):
 garbage-first heap   total 204800K, used 114067K [0x0000000080000000, 0x0000000100000000)
  region size 1024K, 8 young (8192K), 8 survivors (8192K)
 Metaspace       used 122143K, capacity 125780K, committed 126124K, reserved 1159168K
  class space    used 15153K, capacity 16540K, committed 16640K, reserved 1048576K
}
Event: 11979.112 GC heap before
{Heap before GC invocations=128 (full 0):
 garbage-first heap   total 204800K, used 116115K [0x0000000080000000, 0x0000000100000000)
  region size 1024K, 10 young (10240K), 8 survivors (8192K)
 Metaspace       used 122143K, capacity 125780K, committed 126124K, reserved 1159168K
  class space    used 15153K, capacity 16540K, committed 16640K, reserved 1048576K
}
Event: 11979.127 GC heap after
{Heap after GC invocations=129 (full 0):
 garbage-first heap   total 204800K, used 111272K [0x0000000080000000, 0x0000000100000000)
  region size 1024K, 2 young (2048K), 2 survivors (2048K)
 Metaspace       used 122143K, capacity 125780K, committed 126124K, reserved 1159168K
  class space    used 15153K, capacity 16540K, committed 16640K, reserved 1048576K
}
Event: 11979.185 GC heap before
{Heap before GC invocations=129 (full 0):
 garbage-first heap   total 204800K, used 130728K [0x0000000080000000, 0x0000000100000000)
  region size 1024K, 22 young (22528K), 2 survivors (2048K)
 Metaspace       used 122145K, capacity 125780K, committed 126124K, reserved 1159168K
  class space    used 15153K, capacity 16540K, committed 16640K, reserved 1048576K
}
Event: 11979.199 GC heap after
{Heap after GC invocations=130 (full 0):
 garbage-first heap   total 204800K, used 120832K [0x0000000080000000, 0x0000000100000000)
  region size 1024K, 7 young (7168K), 7 survivors (7168K)
 Metaspace       used 122145K, capacity 125780K, committed 126124K, reserved 1159168K
  class space    used 15153K, capacity 16540K, committed 16640K, reserved 1048576K
}
Event: 11980.998 GC heap before
{Heap before GC invocations=131 (full 0):
 garbage-first heap   total 204800K, used 168960K [0x0000000080000000, 0x0000000100000000)
  region size 1024K, 40 young (40960K), 7 survivors (7168K)
 Metaspace       used 122170K, capacity 125845K, committed 126124K, reserved 1159168K
  class space    used 15153K, capacity 16540K, committed 16640K, reserved 1048576K
}
Event: 11981.011 GC heap after
{Heap after GC invocations=132 (full 0):
 garbage-first heap   total 204800K, used 126219K [0x0000000080000000, 0x0000000100000000)
  region size 1024K, 5 young (5120K), 5 survivors (5120K)
 Metaspace       used 122170K, capacity 125845K, committed 126124K, reserved 1159168K
  class space    used 15153K, capacity 16540K, committed 16640K, reserved 1048576K
}
Event: 11981.022 GC heap before
{Heap before GC invocations=132 (full 0):
 garbage-first heap   total 204800K, used 131339K [0x0000000080000000, 0x0000000100000000)
  region size 1024K, 10 young (10240K), 5 survivors (5120K)
 Metaspace       used 122182K, capacity 125909K, committed 126124K, reserved 1159168K
  class space    used 15153K, capacity 16540K, committed 16640K, reserved 1048576K
}
Event: 11981.037 GC heap after
{Heap after GC invocations=133 (full 0):
 garbage-first heap   total 204800K, used 119102K [0x0000000080000000, 0x0000000100000000)
  region size 1024K, 2 young (2048K), 2 survivors (2048K)
 Metaspace       used 122182K, capacity 125909K, committed 126124K, reserved 1159168K
  class space    used 15153K, capacity 16540K, committed 16640K, reserved 1048576K
}
Event: 11981.131 GC heap before
{Heap before GC invocations=133 (full 0):
 garbage-first heap   total 204800K, used 153918K [0x0000000080000000, 0x0000000100000000)
  region size 1024K, 37 young (37888K), 2 survivors (2048K)
 Metaspace       used 122188K, capacity 125909K, committed 126124K, reserved 1159168K
  class space    used 15153K, capacity 16540K, committed 16640K, reserved 1048576K
}
Event: 11981.137 GC heap after
{Heap after GC invocations=134 (full 0):
 garbage-first heap   total 204800K, used 118906K [0x0000000080000000, 0x0000000100000000)
  region size 1024K, 2 young (2048K), 2 survivors (2048K)
 Metaspace       used 122188K, capacity 125909K, committed 126124K, reserved 1159168K
  class space    used 15153K, capacity 16540K, committed 16640K, reserved 1048576K
}
Event: 12004.329 GC heap before
{Heap before GC invocations=135 (full 0):
 garbage-first heap   total 204800K, used 172154K [0x0000000080000000, 0x0000000100000000)
  region size 1024K, 39 young (39936K), 2 survivors (2048K)
 Metaspace       used 122355K, capacity 126056K, committed 126380K, reserved 1159168K
  class space    used 15160K, capacity 16554K, committed 16640K, reserved 1048576K
}
Event: 12004.338 GC heap after
{Heap after GC invocations=136 (full 0):
 garbage-first heap   total 204800K, used 109449K [0x0000000080000000, 0x0000000100000000)
  region size 1024K, 5 young (5120K), 5 survivors (5120K)
 Metaspace       used 122355K, capacity 126056K, committed 126380K, reserved 1159168K
  class space    used 15160K, capacity 16554K, committed 16640K, reserved 1048576K
}
Event: 12004.372 GC heap before
{Heap before GC invocations=136 (full 0):
 garbage-first heap   total 204800K, used 114569K [0x0000000080000000, 0x0000000100000000)
  region size 1024K, 10 young (10240K), 5 survivors (5120K)
 Metaspace       used 122355K, capacity 126056K, committed 126380K, reserved 1159168K
  class space    used 15160K, capacity 16554K, committed 16640K, reserved 1048576K
}
Event: 12004.384 GC heap after
{Heap after GC invocations=137 (full 0):
 garbage-first heap   total 204800K, used 99668K [0x0000000080000000, 0x0000000100000000)
  region size 1024K, 1 young (1024K), 1 survivors (1024K)
 Metaspace       used 122355K, capacity 126056K, committed 126380K, reserved 1159168K
  class space    used 15160K, capacity 16554K, committed 16640K, reserved 1048576K
}
Event: 12004.410 GC heap before
{Heap before GC invocations=137 (full 0):
 garbage-first heap   total 204800K, used 104788K [0x0000000080000000, 0x0000000100000000)
  region size 1024K, 7 young (7168K), 1 survivors (1024K)
 Metaspace       used 122358K, capacity 126056K, committed 126380K, reserved 1159168K
  class space    used 15160K, capacity 16554K, committed 16640K, reserved 1048576K
}
Event: 12004.418 GC heap after
{Heap after GC invocations=138 (full 0):
 garbage-first heap   total 204800K, used 99552K [0x0000000080000000, 0x0000000100000000)
  region size 1024K, 1 young (1024K), 1 survivors (1024K)
 Metaspace       used 122358K, capacity 126056K, committed 126380K, reserved 1159168K
  class space    used 15160K, capacity 16554K, committed 16640K, reserved 1048576K
}
Event: 12004.778 GC heap before
{Heap before GC invocations=139 (full 0):
 garbage-first heap   total 204800K, used 163040K [0x0000000080000000, 0x0000000100000000)
  region size 1024K, 47 young (48128K), 1 survivors (1024K)
 Metaspace       used 122472K, capacity 126159K, committed 126380K, reserved 1159168K
  class space    used 15162K, capacity 16556K, committed 16640K, reserved 1048576K
}
Event: 12004.783 GC heap after
{Heap after GC invocations=140 (full 0):
 garbage-first heap   total 204800K, used 100545K [0x0000000080000000, 0x0000000100000000)
  region size 1024K, 2 young (2048K), 2 survivors (2048K)
 Metaspace       used 122472K, capacity 126159K, committed 126380K, reserved 1159168K
  class space    used 15162K, capacity 16556K, committed 16640K, reserved 1048576K
}

