# JRE version: OpenJDK Runtime Environment (11.0.10) (build 11.0.10+0-b96-7249189)
# Java VM: OpenJDK 64-Bit Server VM (11.0.10+0-b96-7249189, mixed mode, tiered, compressed oops, g1 gc, windows-amd64)
Heap:
 garbage-first heap   total 250880K, used 163334K [0x0000000080000000, 0x0000000100000000)
  region size 1024K, 44 young (45056K), 1 survivors (1024K)
 Metaspace       used 122759K, capacity 126060K, committed 126252K, reserved 1159168K
  class space    used 15450K, capacity 16685K, committed 16768K, reserved 1048576K
GC Heap History (20 events):
Event: 25.513 GC heap before
{Heap before GC invocations=31 (full 0):
 garbage-first heap   total 227328K, used 189026K [0x0000000080000000, 0x0000000100000000)
  region size 1024K, 62 young (63488K), 4 survivors (4096K)
 Metaspace       used 111269K, capacity 114091K, committed 114348K, reserved 1148928K
  class space    used 13979K, capacity 15058K, committed 15104K, reserved 1048576K
}
Event: 25.534 GC heap after
{Heap after GC invocations=32 (full 0):
 garbage-first heap   total 227328K, used 137918K [0x0000000080000000, 0x0000000100000000)
  region size 1024K, 8 young (8192K), 8 survivors (8192K)
 Metaspace       used 111269K, capacity 114091K, committed 114348K, reserved 1148928K
  class space    used 13979K, capacity 15058K, committed 15104K, reserved 1048576K
}
Event: 25.571 GC heap before
{Heap before GC invocations=32 (full 0):
 garbage-first heap   total 227328K, used 140990K [0x0000000080000000, 0x0000000100000000)
  region size 1024K, 11 young (11264K), 8 survivors (8192K)
 Metaspace       used 111700K, capacity 114530K, committed 114732K, reserved 1148928K
  class space    used 14044K, capacity 15118K, committed 15232K, reserved 1048576K
}
Event: 25.585 GC heap after
{Heap after GC invocations=33 (full 0):
 garbage-first heap   total 227328K, used 138925K [0x0000000080000000, 0x0000000100000000)
  region size 1024K, 2 young (2048K), 2 survivors (2048K)
 Metaspace       used 111700K, capacity 114530K, committed 114732K, reserved 1148928K
  class space    used 14044K, capacity 15118K, committed 15232K, reserved 1048576K
}
Event: 26.222 GC heap before
{Heap before GC invocations=33 (full 0):
 garbage-first heap   total 227328K, used 185005K [0x0000000080000000, 0x0000000100000000)
  region size 1024K, 47 young (48128K), 2 survivors (2048K)
 Metaspace       used 116612K, capacity 119679K, committed 119980K, reserved 1153024K
  class space    used 14807K, capacity 16004K, committed 16128K, reserved 1048576K
}
Event: 26.229 GC heap after
{Heap after GC invocations=34 (full 0):
 garbage-first heap   total 227328K, used 139827K [0x0000000080000000, 0x0000000100000000)
  region size 1024K, 3 young (3072K), 3 survivors (3072K)
 Metaspace       used 116612K, capacity 119679K, committed 119980K, reserved 1153024K
  class space    used 14807K, capacity 16004K, committed 16128K, reserved 1048576K
}
Event: 26.904 GC heap before
{Heap before GC invocations=35 (full 0):
 garbage-first heap   total 227328K, used 184883K [0x0000000080000000, 0x0000000100000000)
  region size 1024K, 50 young (51200K), 3 survivors (3072K)
 Metaspace       used 117233K, capacity 120240K, committed 120492K, reserved 1153024K
  class space    used 14817K, capacity 15979K, committed 16128K, reserved 1048576K
}
Event: 26.911 GC heap after
{Heap after GC invocations=36 (full 0):
 garbage-first heap   total 227328K, used 137182K [0x0000000080000000, 0x0000000100000000)
  region size 1024K, 3 young (3072K), 3 survivors (3072K)
 Metaspace       used 117233K, capacity 120240K, committed 120492K, reserved 1153024K
  class space    used 14817K, capacity 15979K, committed 16128K, reserved 1048576K
}
Event: 27.016 GC heap before
{Heap before GC invocations=36 (full 0):
 garbage-first heap   total 227328K, used 145374K [0x0000000080000000, 0x0000000100000000)
  region size 1024K, 11 young (11264K), 3 survivors (3072K)
 Metaspace       used 117290K, capacity 120321K, committed 120748K, reserved 1155072K
  class space    used 14820K, capacity 15983K, committed 16128K, reserved 1048576K
}
Event: 27.022 GC heap after
{Heap after GC invocations=37 (full 0):
 garbage-first heap   total 227328K, used 124217K [0x0000000080000000, 0x0000000100000000)
  region size 1024K, 2 young (2048K), 2 survivors (2048K)
 Metaspace       used 117290K, capacity 120321K, committed 120748K, reserved 1155072K
  class space    used 14820K, capacity 15983K, committed 16128K, reserved 1048576K
}
Event: 27.453 GC heap before
{Heap before GC invocations=37 (full 0):
 garbage-first heap   total 227328K, used 160057K [0x0000000080000000, 0x0000000100000000)
  region size 1024K, 39 young (39936K), 2 survivors (2048K)
 Metaspace       used 118917K, capacity 122087K, committed 122284K, reserved 1155072K
  class space    used 15026K, capacity 16260K, committed 16384K, reserved 1048576K
}
Event: 27.460 GC heap after
{Heap after GC invocations=38 (full 0):
 garbage-first heap   total 227328K, used 127543K [0x0000000080000000, 0x0000000100000000)
  region size 1024K, 5 young (5120K), 5 survivors (5120K)
 Metaspace       used 118917K, capacity 122087K, committed 122284K, reserved 1155072K
  class space    used 15026K, capacity 16260K, committed 16384K, reserved 1048576K
}
Event: 28.038 GC heap before
{Heap before GC invocations=39 (full 0):
 garbage-first heap   total 227328K, used 183817K [0x0000000080000000, 0x0000000100000000)
  region size 1024K, 61 young (62464K), 5 survivors (5120K)
 Metaspace       used 120170K, capacity 123292K, committed 123692K, reserved 1157120K
  class space    used 15193K, capacity 16368K, committed 16512K, reserved 1048576K
}
Event: 28.050 GC heap after
{Heap after GC invocations=40 (full 0):
 garbage-first heap   total 227328K, used 132436K [0x0000000080000000, 0x0000000100000000)
  region size 1024K, 8 young (8192K), 8 survivors (8192K)
 Metaspace       used 120170K, capacity 123292K, committed 123692K, reserved 1157120K
  class space    used 15193K, capacity 16368K, committed 16512K, reserved 1048576K
}
Event: 28.096 GC heap before
{Heap before GC invocations=40 (full 0):
 garbage-first heap   total 227328K, used 138580K [0x0000000080000000, 0x0000000100000000)
  region size 1024K, 16 young (16384K), 8 survivors (8192K)
 Metaspace       used 120213K, capacity 123326K, committed 123692K, reserved 1157120K
  class space    used 15195K, capacity 16373K, committed 16512K, reserved 1048576K
}
Event: 28.121 GC heap after
{Heap after GC invocations=41 (full 0):
 garbage-first heap   total 227328K, used 130968K [0x0000000080000000, 0x0000000100000000)
  region size 1024K, 2 young (2048K), 2 survivors (2048K)
 Metaspace       used 120213K, capacity 123326K, committed 123692K, reserved 1157120K
  class space    used 15195K, capacity 16373K, committed 16512K, reserved 1048576K
}
Event: 29.327 GC heap before
{Heap before GC invocations=42 (full 0):
 garbage-first heap   total 249856K, used 248728K [0x0000000080000000, 0x0000000100000000)
  region size 1024K, 31 young (31744K), 2 survivors (2048K)
 Metaspace       used 121967K, capacity 125237K, committed 125356K, reserved 1159168K
  class space    used 15401K, capacity 16609K, committed 16640K, reserved 1048576K
}
Event: 29.332 GC heap after
{Heap after GC invocations=43 (full 0):
 garbage-first heap   total 250880K, used 127832K [0x0000000080000000, 0x0000000100000000)
  region size 1024K, 1 young (1024K), 1 survivors (1024K)
 Metaspace       used 121967K, capacity 125237K, committed 125356K, reserved 1159168K
  class space    used 15401K, capacity 16609K, committed 16640K, reserved 1048576K
}
Event: 286.198 GC heap before
{Heap before GC invocations=43 (full 0):
 garbage-first heap   total 250880K, used 139096K [0x0000000080000000, 0x0000000100000000)
  region size 1024K, 12 young (12288K), 1 survivors (1024K)
 Metaspace       used 122321K, capacity 125554K, committed 125740K, reserved 1159168K
  class space    used 15437K, capacity 16663K, committed 16768K, reserved 1048576K
}
Event: 286.203 GC heap after
{Heap after GC invocations=44 (full 0):
 garbage-first heap   total 250880K, used 120326K [0x0000000080000000, 0x0000000100000000)
  region size 1024K, 1 young (1024K), 1 survivors (1024K)
 Metaspace       used 122321K, capacity 125554K, committed 125740K, reserved 1159168K
  class space    used 15437K, capacity 16663K, committed 16768K, reserved 1048576K
}

