# JRE version: OpenJDK Runtime Environment (11.0.10) (build 11.0.10+0-b96-7249189)
# Java VM: OpenJDK 64-Bit Server VM (11.0.10+0-b96-7249189, mixed mode, tiered, compressed oops, g1 gc, windows-amd64)
Heap:
 garbage-first heap   total 189440K, used 146432K [0x0000000080000000, 0x0000000100000000)
  region size 1024K, 61 young (62464K), 9 survivors (9216K)
 Metaspace       used 92762K, capacity 95333K, committed 95532K, reserved 1132544K
  class space    used 11941K, capacity 12883K, committed 12928K, reserved 1048576K
GC Heap History (20 events):
Event: 11.696 GC heap before
{Heap before GC invocations=12 (full 0):
 garbage-first heap   total 157696K, used 85975K [0x0000000080000000, 0x0000000100000000)
  region size 1024K, 53 young (54272K), 11 survivors (11264K)
 Metaspace       used 58245K, capacity 59791K, committed 59948K, reserved 1101824K
  class space    used 7426K, capacity 7989K, committed 8064K, reserved 1048576K
}
Event: 11.714 GC heap after
{Heap after GC invocations=13 (full 0):
 garbage-first heap   total 157696K, used 46396K [0x0000000080000000, 0x0000000100000000)
  region size 1024K, 2 young (2048K), 2 survivors (2048K)
 Metaspace       used 58245K, capacity 59791K, committed 59948K, reserved 1101824K
  class space    used 7426K, capacity 7989K, committed 8064K, reserved 1048576K
}
Event: 12.691 GC heap before
{Heap before GC invocations=14 (full 0):
 garbage-first heap   total 157696K, used 106812K [0x0000000080000000, 0x0000000100000000)
  region size 1024K, 61 young (62464K), 2 survivors (2048K)
 Metaspace       used 64268K, capacity 65906K, committed 66092K, reserved 1105920K
  class space    used 8199K, capacity 8820K, committed 8832K, reserved 1048576K
}
Event: 12.698 GC heap after
{Heap after GC invocations=15 (full 0):
 garbage-first heap   total 157696K, used 50636K [0x0000000080000000, 0x0000000100000000)
  region size 1024K, 7 young (7168K), 7 survivors (7168K)
 Metaspace       used 64268K, capacity 65906K, committed 66092K, reserved 1105920K
  class space    used 8199K, capacity 8820K, committed 8832K, reserved 1048576K
}
Event: 13.559 GC heap before
{Heap before GC invocations=15 (full 0):
 garbage-first heap   total 157696K, used 111052K [0x0000000080000000, 0x0000000100000000)
  region size 1024K, 66 young (67584K), 7 survivors (7168K)
 Metaspace       used 67997K, capacity 69692K, committed 69804K, reserved 1110016K
  class space    used 8832K, capacity 9461K, committed 9472K, reserved 1048576K
}
Event: 13.570 GC heap after
{Heap after GC invocations=16 (full 0):
 garbage-first heap   total 157696K, used 56014K [0x0000000080000000, 0x0000000100000000)
  region size 1024K, 6 young (6144K), 6 survivors (6144K)
 Metaspace       used 67997K, capacity 69692K, committed 69804K, reserved 1110016K
  class space    used 8832K, capacity 9461K, committed 9472K, reserved 1048576K
}
Event: 14.366 GC heap before
{Heap before GC invocations=16 (full 0):
 garbage-first heap   total 157696K, used 115406K [0x0000000080000000, 0x0000000100000000)
  region size 1024K, 64 young (65536K), 6 survivors (6144K)
 Metaspace       used 70977K, capacity 72779K, committed 73132K, reserved 1112064K
  class space    used 9257K, capacity 9881K, committed 9984K, reserved 1048576K
}
Event: 14.385 GC heap after
{Heap after GC invocations=17 (full 0):
 garbage-first heap   total 157696K, used 60856K [0x0000000080000000, 0x0000000100000000)
  region size 1024K, 5 young (5120K), 5 survivors (5120K)
 Metaspace       used 70977K, capacity 72779K, committed 73132K, reserved 1112064K
  class space    used 9257K, capacity 9881K, committed 9984K, reserved 1048576K
}
Event: 15.362 GC heap before
{Heap before GC invocations=17 (full 0):
 garbage-first heap   total 157696K, used 119224K [0x0000000080000000, 0x0000000100000000)
  region size 1024K, 62 young (63488K), 5 survivors (5120K)
 Metaspace       used 77177K, capacity 79116K, committed 79404K, reserved 1118208K
  class space    used 10112K, capacity 10803K, committed 10880K, reserved 1048576K
}
Event: 15.374 GC heap after
{Heap after GC invocations=18 (full 0):
 garbage-first heap   total 157696K, used 63832K [0x0000000080000000, 0x0000000100000000)
  region size 1024K, 8 young (8192K), 8 survivors (8192K)
 Metaspace       used 77177K, capacity 79116K, committed 79404K, reserved 1118208K
  class space    used 10112K, capacity 10803K, committed 10880K, reserved 1048576K
}
Event: 16.880 GC heap before
{Heap before GC invocations=18 (full 0):
 garbage-first heap   total 157696K, used 122200K [0x0000000080000000, 0x0000000100000000)
  region size 1024K, 65 young (66560K), 8 survivors (8192K)
 Metaspace       used 80615K, capacity 82751K, committed 82988K, reserved 1120256K
  class space    used 10585K, capacity 11377K, committed 11392K, reserved 1048576K
}
Event: 16.896 GC heap after
{Heap after GC invocations=19 (full 0):
 garbage-first heap   total 157696K, used 69413K [0x0000000080000000, 0x0000000100000000)
  region size 1024K, 9 young (9216K), 9 survivors (9216K)
 Metaspace       used 80615K, capacity 82751K, committed 82988K, reserved 1120256K
  class space    used 10585K, capacity 11377K, committed 11392K, reserved 1048576K
}
Event: 17.844 GC heap before
{Heap before GC invocations=19 (full 0):
 garbage-first heap   total 157696K, used 123685K [0x0000000080000000, 0x0000000100000000)
  region size 1024K, 63 young (64512K), 9 survivors (9216K)
 Metaspace       used 81317K, capacity 83517K, committed 83628K, reserved 1122304K
  class space    used 10656K, capacity 11498K, committed 11520K, reserved 1048576K
}
Event: 17.858 GC heap after
{Heap after GC invocations=20 (full 0):
 garbage-first heap   total 189440K, used 72870K [0x0000000080000000, 0x0000000100000000)
  region size 1024K, 4 young (4096K), 4 survivors (4096K)
 Metaspace       used 81317K, capacity 83517K, committed 83628K, reserved 1122304K
  class space    used 10656K, capacity 11498K, committed 11520K, reserved 1048576K
}
Event: 19.371 GC heap before
{Heap before GC invocations=20 (full 0):
 garbage-first heap   total 189440K, used 143526K [0x0000000080000000, 0x0000000100000000)
  region size 1024K, 74 young (75776K), 4 survivors (4096K)
 Metaspace       used 82177K, capacity 84410K, committed 84524K, reserved 1122304K
  class space    used 10717K, capacity 11569K, committed 11648K, reserved 1048576K
}
Event: 19.387 GC heap after
{Heap after GC invocations=21 (full 0):
 garbage-first heap   total 189440K, used 77639K [0x0000000080000000, 0x0000000100000000)
  region size 1024K, 9 young (9216K), 9 survivors (9216K)
 Metaspace       used 82177K, capacity 84410K, committed 84524K, reserved 1122304K
  class space    used 10717K, capacity 11569K, committed 11648K, reserved 1048576K
}
Event: 20.290 GC heap before
{Heap before GC invocations=21 (full 0):
 garbage-first heap   total 189440K, used 146247K [0x0000000080000000, 0x0000000100000000)
  region size 1024K, 77 young (78848K), 9 survivors (9216K)
 Metaspace       used 83587K, capacity 85887K, committed 86188K, reserved 1124352K
  class space    used 10862K, capacity 11719K, committed 11776K, reserved 1048576K
}
Event: 20.309 GC heap after
{Heap after GC invocations=22 (full 0):
 garbage-first heap   total 189440K, used 83289K [0x0000000080000000, 0x0000000100000000)
  region size 1024K, 6 young (6144K), 6 survivors (6144K)
 Metaspace       used 83587K, capacity 85887K, committed 86188K, reserved 1124352K
  class space    used 10862K, capacity 11719K, committed 11776K, reserved 1048576K
}
Event: 21.975 GC heap before
{Heap before GC invocations=22 (full 0):
 garbage-first heap   total 189440K, used 150873K [0x0000000080000000, 0x0000000100000000)
  region size 1024K, 71 young (72704K), 6 survivors (6144K)
 Metaspace       used 90177K, capacity 92582K, committed 92716K, reserved 1130496K
  class space    used 11695K, capacity 12567K, committed 12672K, reserved 1048576K
}
Event: 21.993 GC heap after
{Heap after GC invocations=23 (full 0):
 garbage-first heap   total 189440K, used 94208K [0x0000000080000000, 0x0000000100000000)
  region size 1024K, 9 young (9216K), 9 survivors (9216K)
 Metaspace       used 90177K, capacity 92582K, committed 92716K, reserved 1130496K
  class space    used 11695K, capacity 12567K, committed 12672K, reserved 1048576K
}

