# JRE version: OpenJDK Runtime Environment (11.0.10) (build 11.0.10+0-b96-7249189)
# Java VM: OpenJDK 64-Bit Server VM (11.0.10+0-b96-7249189, mixed mode, tiered, compressed oops, g1 gc, windows-amd64)
Heap:
 garbage-first heap   total 227328K, used 162049K [0x0000000080000000, 0x0000000100000000)
  region size 1024K, 69 young (70656K), 4 survivors (4096K)
 Metaspace       used 90094K, capacity 92392K, committed 92536K, reserved 1130496K
  class space    used 11618K, capacity 12465K, committed 12492K, reserved 1048576K
GC Heap History (20 events):
Event: 7.019 GC heap before
{Heap before GC invocations=10 (full 0):
 garbage-first heap   total 157696K, used 38745K [0x0000000080000000, 0x0000000100000000)
  region size 1024K, 20 young (20480K), 11 survivors (11264K)
 Metaspace       used 44680K, capacity 45869K, committed 46080K, reserved 1089536K
  class space    used 5733K, capacity 6144K, committed 6144K, reserved 1048576K
}
Event: 7.034 GC heap after
{Heap after GC invocations=11 (full 0):
 garbage-first heap   total 157696K, used 30518K [0x0000000080000000, 0x0000000100000000)
  region size 1024K, 6 young (6144K), 6 survivors (6144K)
 Metaspace       used 44680K, capacity 45869K, committed 46080K, reserved 1089536K
  class space    used 5733K, capacity 6144K, committed 6144K, reserved 1048576K
}
Event: 8.588 GC heap before
{Heap before GC invocations=12 (full 0):
 garbage-first heap   total 157696K, used 117558K [0x0000000080000000, 0x0000000100000000)
  region size 1024K, 88 young (90112K), 6 survivors (6144K)
 Metaspace       used 48740K, capacity 50078K, committed 50252K, reserved 1093632K
  class space    used 6255K, capacity 6749K, committed 6784K, reserved 1048576K
}
Event: 8.600 GC heap after
{Heap after GC invocations=13 (full 0):
 garbage-first heap   total 157696K, used 43229K [0x0000000080000000, 0x0000000100000000)
  region size 1024K, 11 young (11264K), 11 survivors (11264K)
 Metaspace       used 48740K, capacity 50078K, committed 50252K, reserved 1093632K
  class space    used 6255K, capacity 6749K, committed 6784K, reserved 1048576K
}
Event: 9.738 GC heap before
{Heap before GC invocations=13 (full 0):
 garbage-first heap   total 157696K, used 119005K [0x0000000080000000, 0x0000000100000000)
  region size 1024K, 85 young (87040K), 11 survivors (11264K)
 Metaspace       used 59093K, capacity 60667K, committed 60876K, reserved 1101824K
  class space    used 7564K, capacity 8155K, committed 8192K, reserved 1048576K
}
Event: 9.752 GC heap after
{Heap after GC invocations=14 (full 0):
 garbage-first heap   total 189440K, used 47703K [0x0000000080000000, 0x0000000100000000)
  region size 1024K, 4 young (4096K), 4 survivors (4096K)
 Metaspace       used 59093K, capacity 60667K, committed 60876K, reserved 1101824K
  class space    used 7564K, capacity 8155K, committed 8192K, reserved 1048576K
}
Event: 10.634 GC heap before
{Heap before GC invocations=14 (full 0):
 garbage-first heap   total 189440K, used 133719K [0x0000000080000000, 0x0000000100000000)
  region size 1024K, 88 young (90112K), 4 survivors (4096K)
 Metaspace       used 64651K, capacity 66430K, committed 66508K, reserved 1107968K
  class space    used 8266K, capacity 8907K, committed 8960K, reserved 1048576K
}
Event: 10.644 GC heap after
{Heap after GC invocations=15 (full 0):
 garbage-first heap   total 189440K, used 54532K [0x0000000080000000, 0x0000000100000000)
  region size 1024K, 11 young (11264K), 11 survivors (11264K)
 Metaspace       used 64651K, capacity 66430K, committed 66508K, reserved 1107968K
  class space    used 8266K, capacity 8907K, committed 8960K, reserved 1048576K
}
Event: 11.594 GC heap before
{Heap before GC invocations=15 (full 0):
 garbage-first heap   total 189440K, used 140548K [0x0000000080000000, 0x0000000100000000)
  region size 1024K, 95 young (97280K), 11 survivors (11264K)
 Metaspace       used 70904K, capacity 72721K, committed 72908K, reserved 1112064K
  class space    used 9245K, capacity 9884K, committed 9984K, reserved 1048576K
}
Event: 11.609 GC heap after
{Heap after GC invocations=16 (full 0):
 garbage-first heap   total 189440K, used 60202K [0x0000000080000000, 0x0000000100000000)
  region size 1024K, 6 young (6144K), 6 survivors (6144K)
 Metaspace       used 70904K, capacity 72721K, committed 72908K, reserved 1112064K
  class space    used 9245K, capacity 9884K, committed 9984K, reserved 1048576K
}
Event: 12.243 GC heap before
{Heap before GC invocations=16 (full 0):
 garbage-first heap   total 189440K, used 110378K [0x0000000080000000, 0x0000000100000000)
  region size 1024K, 56 young (57344K), 6 survivors (6144K)
 Metaspace       used 75422K, capacity 77292K, committed 77356K, reserved 1116160K
  class space    used 9915K, capacity 10622K, committed 10624K, reserved 1048576K
}
Event: 12.257 GC heap after
{Heap after GC invocations=17 (full 0):
 garbage-first heap   total 189440K, used 62564K [0x0000000080000000, 0x0000000100000000)
  region size 1024K, 9 young (9216K), 9 survivors (9216K)
 Metaspace       used 75422K, capacity 77292K, committed 77356K, reserved 1116160K
  class space    used 9915K, capacity 10622K, committed 10624K, reserved 1048576K
}
Event: 13.771 GC heap before
{Heap before GC invocations=18 (full 0):
 garbage-first heap   total 189440K, used 140388K [0x0000000080000000, 0x0000000100000000)
  region size 1024K, 86 young (88064K), 9 survivors (9216K)
 Metaspace       used 80526K, capacity 82763K, committed 82808K, reserved 1120256K
  class space    used 10618K, capacity 11452K, committed 11468K, reserved 1048576K
}
Event: 13.789 GC heap after
{Heap after GC invocations=19 (full 0):
 garbage-first heap   total 189440K, used 68550K [0x0000000080000000, 0x0000000100000000)
  region size 1024K, 9 young (9216K), 9 survivors (9216K)
 Metaspace       used 80526K, capacity 82763K, committed 82808K, reserved 1120256K
  class space    used 10618K, capacity 11452K, committed 11468K, reserved 1048576K
}
Event: 14.697 GC heap before
{Heap before GC invocations=20 (full 0):
 garbage-first heap   total 189440K, used 146374K [0x0000000080000000, 0x0000000100000000)
  region size 1024K, 84 young (86016K), 9 survivors (9216K)
 Metaspace       used 82583K, capacity 84810K, committed 85112K, reserved 1122304K
  class space    used 10790K, capacity 11651K, committed 11724K, reserved 1048576K
}
Event: 14.721 GC heap after
{Heap after GC invocations=21 (full 0):
 garbage-first heap   total 227328K, used 85879K [0x0000000080000000, 0x0000000100000000)
  region size 1024K, 11 young (11264K), 11 survivors (11264K)
 Metaspace       used 82583K, capacity 84810K, committed 85112K, reserved 1122304K
  class space    used 10790K, capacity 11651K, committed 11724K, reserved 1048576K
}
Event: 15.986 GC heap before
{Heap before GC invocations=21 (full 0):
 garbage-first heap   total 227328K, used 181111K [0x0000000080000000, 0x0000000100000000)
  region size 1024K, 90 young (92160K), 11 survivors (11264K)
 Metaspace       used 85496K, capacity 87812K, committed 87928K, reserved 1126400K
  class space    used 11059K, capacity 11915K, committed 11980K, reserved 1048576K
}
Event: 16.008 GC heap after
{Heap after GC invocations=22 (full 0):
 garbage-first heap   total 227328K, used 94208K [0x0000000080000000, 0x0000000100000000)
  region size 1024K, 8 young (8192K), 8 survivors (8192K)
 Metaspace       used 85496K, capacity 87812K, committed 87928K, reserved 1126400K
  class space    used 11059K, capacity 11915K, committed 11980K, reserved 1048576K
}
Event: 16.890 GC heap before
{Heap before GC invocations=22 (full 0):
 garbage-first heap   total 227328K, used 171008K [0x0000000080000000, 0x0000000100000000)
  region size 1024K, 84 young (86016K), 8 survivors (8192K)
 Metaspace       used 88424K, capacity 90777K, committed 90872K, reserved 1128448K
  class space    used 11436K, capacity 12288K, committed 12364K, reserved 1048576K
}
Event: 16.901 GC heap after
{Heap after GC invocations=23 (full 0):
 garbage-first heap   total 227328K, used 97537K [0x0000000080000000, 0x0000000100000000)
  region size 1024K, 4 young (4096K), 4 survivors (4096K)
 Metaspace       used 88424K, capacity 90777K, committed 90872K, reserved 1128448K
  class space    used 11436K, capacity 12288K, committed 12364K, reserved 1048576K
}

