# JRE version: OpenJDK Runtime Environment (11.0.10) (build 11.0.10+0-b96-7249189)
# Java VM: OpenJDK 64-Bit Server VM (11.0.10+0-b96-7249189, mixed mode, tiered, compressed oops, g1 gc, windows-amd64)
Heap:
 garbage-first heap   total 157696K, used 97344K [0x0000000080000000, 0x0000000100000000)
  region size 1024K, 7 young (7168K), 5 survivors (5120K)
 Metaspace       used 82497K, capacity 84921K, committed 85144K, reserved 1122304K
  class space    used 10808K, capacity 11653K, committed 11776K, reserved 1048576K
GC Heap History (20 events):
Event: 9.821 GC heap before
{Heap before GC invocations=13 (full 0):
 garbage-first heap   total 157696K, used 95083K [0x0000000080000000, 0x0000000100000000)
  region size 1024K, 32 young (32768K), 8 survivors (8192K)
 Metaspace       used 58382K, capacity 60109K, committed 60160K, reserved 1101824K
  class space    used 7449K, capacity 8024K, committed 8064K, reserved 1048576K
}
Event: 9.829 GC heap after
{Heap after GC invocations=14 (full 0):
 garbage-first heap   total 157696K, used 73303K [0x0000000080000000, 0x0000000100000000)
  region size 1024K, 2 young (2048K), 2 survivors (2048K)
 Metaspace       used 58382K, capacity 60109K, committed 60160K, reserved 1101824K
  class space    used 7449K, capacity 8024K, committed 8064K, reserved 1048576K
}
Event: 10.528 GC heap before
{Heap before GC invocations=15 (full 0):
 garbage-first heap   total 157696K, used 112215K [0x0000000080000000, 0x0000000100000000)
  region size 1024K, 41 young (41984K), 2 survivors (2048K)
 Metaspace       used 63056K, capacity 64874K, committed 65176K, reserved 1105920K
  class space    used 8053K, capacity 8649K, committed 8704K, reserved 1048576K
}
Event: 10.535 GC heap after
{Heap after GC invocations=16 (full 0):
 garbage-first heap   total 157696K, used 76083K [0x0000000080000000, 0x0000000100000000)
  region size 1024K, 5 young (5120K), 5 survivors (5120K)
 Metaspace       used 63056K, capacity 64874K, committed 65176K, reserved 1105920K
  class space    used 8053K, capacity 8649K, committed 8704K, reserved 1048576K
}
Event: 10.915 GC heap before
{Heap before GC invocations=17 (full 0):
 garbage-first heap   total 157696K, used 101683K [0x0000000080000000, 0x0000000100000000)
  region size 1024K, 31 young (31744K), 5 survivors (5120K)
 Metaspace       used 65631K, capacity 67445K, committed 67608K, reserved 1107968K
  class space    used 8379K, capacity 8967K, committed 9088K, reserved 1048576K
}
Event: 10.922 GC heap after
{Heap after GC invocations=18 (full 0):
 garbage-first heap   total 157696K, used 78159K [0x0000000080000000, 0x0000000100000000)
  region size 1024K, 3 young (3072K), 3 survivors (3072K)
 Metaspace       used 65631K, capacity 67445K, committed 67608K, reserved 1107968K
  class space    used 8379K, capacity 8967K, committed 9088K, reserved 1048576K
}
Event: 12.588 GC heap before
{Heap before GC invocations=19 (full 0):
 garbage-first heap   total 157696K, used 120143K [0x0000000080000000, 0x0000000100000000)
  region size 1024K, 43 young (44032K), 3 survivors (3072K)
 Metaspace       used 66691K, capacity 68633K, committed 68760K, reserved 1110016K
  class space    used 8546K, capacity 9184K, committed 9216K, reserved 1048576K
}
Event: 12.596 GC heap after
{Heap after GC invocations=20 (full 0):
 garbage-first heap   total 157696K, used 81363K [0x0000000080000000, 0x0000000100000000)
  region size 1024K, 6 young (6144K), 6 survivors (6144K)
 Metaspace       used 66691K, capacity 68633K, committed 68760K, reserved 1110016K
  class space    used 8546K, capacity 9184K, committed 9216K, reserved 1048576K
}
Event: 14.272 GC heap before
{Heap before GC invocations=20 (full 0):
 garbage-first heap   total 157696K, used 121299K [0x0000000080000000, 0x0000000100000000)
  region size 1024K, 45 young (46080K), 6 survivors (6144K)
 Metaspace       used 71505K, capacity 73462K, committed 73624K, reserved 1114112K
  class space    used 9308K, capacity 9980K, committed 9984K, reserved 1048576K
}
Event: 14.286 GC heap after
{Heap after GC invocations=21 (full 0):
 garbage-first heap   total 157696K, used 83669K [0x0000000080000000, 0x0000000100000000)
  region size 1024K, 3 young (3072K), 3 survivors (3072K)
 Metaspace       used 71505K, capacity 73462K, committed 73624K, reserved 1114112K
  class space    used 9308K, capacity 9980K, committed 9984K, reserved 1048576K
}
Event: 14.977 GC heap before
{Heap before GC invocations=22 (full 0):
 garbage-first heap   total 157696K, used 124629K [0x0000000080000000, 0x0000000100000000)
  region size 1024K, 43 young (44032K), 3 survivors (3072K)
 Metaspace       used 72346K, capacity 74287K, committed 74520K, reserved 1114112K
  class space    used 9431K, capacity 10105K, committed 10112K, reserved 1048576K
}
Event: 14.985 GC heap after
{Heap after GC invocations=23 (full 0):
 garbage-first heap   total 157696K, used 86305K [0x0000000080000000, 0x0000000100000000)
  region size 1024K, 5 young (5120K), 5 survivors (5120K)
 Metaspace       used 72346K, capacity 74287K, committed 74520K, reserved 1114112K
  class space    used 9431K, capacity 10105K, committed 10112K, reserved 1048576K
}
Event: 17.105 GC heap before
{Heap before GC invocations=23 (full 0):
 garbage-first heap   total 157696K, used 126241K [0x0000000080000000, 0x0000000100000000)
  region size 1024K, 44 young (45056K), 5 survivors (5120K)
 Metaspace       used 75701K, capacity 77865K, committed 78104K, reserved 1116160K
  class space    used 9892K, capacity 10588K, committed 10624K, reserved 1048576K
}
Event: 17.116 GC heap after
{Heap after GC invocations=24 (full 0):
 garbage-first heap   total 157696K, used 88622K [0x0000000080000000, 0x0000000100000000)
  region size 1024K, 6 young (6144K), 6 survivors (6144K)
 Metaspace       used 75701K, capacity 77865K, committed 78104K, reserved 1116160K
  class space    used 9892K, capacity 10588K, committed 10624K, reserved 1048576K
}
Event: 17.992 GC heap before
{Heap before GC invocations=25 (full 0):
 garbage-first heap   total 157696K, used 127534K [0x0000000080000000, 0x0000000100000000)
  region size 1024K, 44 young (45056K), 6 survivors (6144K)
 Metaspace       used 77730K, capacity 79982K, committed 80280K, reserved 1118208K
  class space    used 10153K, capacity 10946K, committed 11008K, reserved 1048576K
}
Event: 18.003 GC heap after
{Heap after GC invocations=26 (full 0):
 garbage-first heap   total 157696K, used 91391K [0x0000000080000000, 0x0000000100000000)
  region size 1024K, 5 young (5120K), 5 survivors (5120K)
 Metaspace       used 77730K, capacity 79982K, committed 80280K, reserved 1118208K
  class space    used 10153K, capacity 10946K, committed 11008K, reserved 1048576K
}
Event: 19.506 GC heap before
{Heap before GC invocations=26 (full 0):
 garbage-first heap   total 157696K, used 130303K [0x0000000080000000, 0x0000000100000000)
  region size 1024K, 43 young (44032K), 5 survivors (5120K)
 Metaspace       used 79827K, capacity 82168K, committed 82456K, reserved 1120256K
  class space    used 10469K, capacity 11298K, committed 11392K, reserved 1048576K
}
Event: 19.516 GC heap after
{Heap after GC invocations=27 (full 0):
 garbage-first heap   total 157696K, used 93342K [0x0000000080000000, 0x0000000100000000)
  region size 1024K, 5 young (5120K), 5 survivors (5120K)
 Metaspace       used 79827K, capacity 82168K, committed 82456K, reserved 1120256K
  class space    used 10469K, capacity 11298K, committed 11392K, reserved 1048576K
}
Event: 20.058 GC heap before
{Heap before GC invocations=28 (full 0):
 garbage-first heap   total 157696K, used 131230K [0x0000000080000000, 0x0000000100000000)
  region size 1024K, 42 young (43008K), 5 survivors (5120K)
 Metaspace       used 82473K, capacity 84851K, committed 85144K, reserved 1122304K
  class space    used 10808K, capacity 11652K, committed 11776K, reserved 1048576K
}
Event: 20.066 GC heap after
{Heap after GC invocations=29 (full 0):
 garbage-first heap   total 157696K, used 96320K [0x0000000080000000, 0x0000000100000000)
  region size 1024K, 5 young (5120K), 5 survivors (5120K)
 Metaspace       used 82473K, capacity 84851K, committed 85144K, reserved 1122304K
  class space    used 10808K, capacity 11652K, committed 11776K, reserved 1048576K
}

